2025-08-18 17:59:02,649 - INFO - Starting extraction...
2025-08-18 17:59:02,810 - INFO - Successfully extracted: 1-A,1
2025-08-18 17:59:04,757 - INFO - Successfully extracted: 1-A,2
2025-08-18 17:59:06,758 - INFO - Successfully extracted: 1-A,3
2025-08-18 17:59:08,808 - INFO - Successfully extracted: 1-A,4
2025-08-18 17:59:10,826 - INFO - Successfully extracted: 1-A,5
2025-08-18 17:59:12,806 - INFO - Successfully extracted: 1-A,6
2025-08-18 17:59:14,821 - INFO - Successfully extracted: 1-A,7
2025-08-18 17:59:16,775 - INFO - Successfully extracted: 1-A,8
2025-08-18 17:59:18,769 - INFO - Successfully extracted: 1-A,9
2025-08-18 17:59:20,782 - INFO - Successfully extracted: 1-A,10
2025-08-18 17:59:22,780 - INFO - Successfully extracted: 1-A,11
2025-08-18 17:59:24,785 - INFO - Successfully extracted: 1-A,12
2025-08-18 17:59:26,813 - INFO - Successfully extracted: 1-A,13
2025-08-18 17:59:28,835 - INFO - Successfully extracted: 1-A,14
2025-08-18 17:59:30,803 - INFO - Successfully extracted: 1-A,15
2025-08-18 17:59:32,792 - INFO - Successfully extracted: 1-A,16
2025-08-18 17:59:34,784 - WARNING - HTTP 500 for http://ancientsource.daphnet.iliesi.cnr.it/texts/Presocratics/1-A,17.plain.html
2025-08-18 17:59:36,786 - WARNING - HTTP 500 for http://ancientsource.daphnet.iliesi.cnr.it/texts/Presocratics/1-A,18.plain.html
2025-08-18 17:59:38,786 - WARNING - HTTP 500 for http://ancientsource.daphnet.iliesi.cnr.it/texts/Presocratics/1-A,19.plain.html
2025-08-18 17:59:40,837 - WARNING - HTTP 500 for http://ancientsource.daphnet.iliesi.cnr.it/texts/Presocratics/1-A,20.plain.html
2025-08-18 17:59:42,852 - WARNING - HTTP 500 for http://ancientsource.daphnet.iliesi.cnr.it/texts/Presocratics/1-A,21.plain.html
2025-08-18 17:59:44,840 - WARNING - HTTP 500 for http://ancientsource.daphnet.iliesi.cnr.it/texts/Presocratics/1-A,22.plain.html
2025-08-18 17:59:46,839 - WARNING - HTTP 500 for http://ancientsource.daphnet.iliesi.cnr.it/texts/Presocratics/1-A,23.plain.html
2025-08-18 17:59:48,842 - WARNING - HTTP 500 for http://ancientsource.daphnet.iliesi.cnr.it/texts/Presocratics/1-A,24.plain.html
2025-08-18 17:59:50,834 - WARNING - HTTP 500 for http://ancientsource.daphnet.iliesi.cnr.it/texts/Presocratics/1-A,25.plain.html
2025-08-18 17:59:52,794 - WARNING - HTTP 500 for http://ancientsource.daphnet.iliesi.cnr.it/texts/Presocratics/1-A,26.plain.html
2025-08-18 17:59:54,795 - WARNING - HTTP 500 for http://ancientsource.daphnet.iliesi.cnr.it/texts/Presocratics/1-A,27.plain.html
2025-08-18 17:59:56,798 - WARNING - HTTP 500 for http://ancientsource.daphnet.iliesi.cnr.it/texts/Presocratics/1-A,28.plain.html
2025-08-18 17:59:58,824 - WARNING - HTTP 500 for http://ancientsource.daphnet.iliesi.cnr.it/texts/Presocratics/1-A,29.plain.html
2025-08-18 18:00:00,848 - WARNING - HTTP 500 for http://ancientsource.daphnet.iliesi.cnr.it/texts/Presocratics/1-A,30.plain.html
2025-08-18 18:00:02,802 - WARNING - HTTP 500 for http://ancientsource.daphnet.iliesi.cnr.it/texts/Presocratics/1-A,31.plain.html
2025-08-18 18:00:04,802 - WARNING - HTTP 500 for http://ancientsource.daphnet.iliesi.cnr.it/texts/Presocratics/1-A,32.plain.html
2025-08-18 18:00:06,854 - WARNING - HTTP 500 for http://ancientsource.daphnet.iliesi.cnr.it/texts/Presocratics/1-A,33.plain.html
2025-08-18 18:00:08,799 - WARNING - HTTP 500 for http://ancientsource.daphnet.iliesi.cnr.it/texts/Presocratics/1-A,34.plain.html
2025-08-18 18:00:10,838 - WARNING - HTTP 500 for http://ancientsource.daphnet.iliesi.cnr.it/texts/Presocratics/1-A,35.plain.html
2025-08-18 18:00:12,861 - WARNING - HTTP 500 for http://ancientsource.daphnet.iliesi.cnr.it/texts/Presocratics/1-A,36.plain.html
2025-08-18 18:00:14,811 - WARNING - HTTP 500 for http://ancientsource.daphnet.iliesi.cnr.it/texts/Presocratics/1-A,37.plain.html
2025-08-18 18:00:16,847 - WARNING - HTTP 500 for http://ancientsource.daphnet.iliesi.cnr.it/texts/Presocratics/1-A,38.plain.html
2025-08-18 18:00:18,810 - WARNING - HTTP 500 for http://ancientsource.daphnet.iliesi.cnr.it/texts/Presocratics/1-A,39.plain.html
2025-08-18 18:00:20,812 - WARNING - HTTP 500 for http://ancientsource.daphnet.iliesi.cnr.it/texts/Presocratics/1-A,40.plain.html
2025-08-18 18:00:22,818 - WARNING - HTTP 500 for http://ancientsource.daphnet.iliesi.cnr.it/texts/Presocratics/1-A,41.plain.html
2025-08-18 18:00:24,814 - WARNING - HTTP 500 for http://ancientsource.daphnet.iliesi.cnr.it/texts/Presocratics/1-A,42.plain.html
2025-08-18 18:00:26,874 - WARNING - HTTP 500 for http://ancientsource.daphnet.iliesi.cnr.it/texts/Presocratics/1-A,43.plain.html
2025-08-18 18:00:28,817 - WARNING - HTTP 500 for http://ancientsource.daphnet.iliesi.cnr.it/texts/Presocratics/1-A,44.plain.html
2025-08-18 18:00:30,819 - WARNING - HTTP 500 for http://ancientsource.daphnet.iliesi.cnr.it/texts/Presocratics/1-A,45.plain.html
2025-08-18 18:00:32,825 - WARNING - HTTP 500 for http://ancientsource.daphnet.iliesi.cnr.it/texts/Presocratics/1-A,46.plain.html
2025-08-18 18:00:34,833 - WARNING - HTTP 500 for http://ancientsource.daphnet.iliesi.cnr.it/texts/Presocratics/1-A,47.plain.html
2025-08-18 18:00:36,829 - WARNING - HTTP 500 for http://ancientsource.daphnet.iliesi.cnr.it/texts/Presocratics/1-A,48.plain.html
2025-08-18 18:00:38,832 - WARNING - HTTP 500 for http://ancientsource.daphnet.iliesi.cnr.it/texts/Presocratics/1-A,49.plain.html
2025-08-18 18:00:40,834 - WARNING - HTTP 500 for http://ancientsource.daphnet.iliesi.cnr.it/texts/Presocratics/1-A,50.plain.html
2025-08-18 18:00:42,829 - WARNING - HTTP 500 for http://ancientsource.daphnet.iliesi.cnr.it/texts/Presocratics/1-A,51.plain.html
2025-08-18 18:00:44,833 - WARNING - HTTP 500 for http://ancientsource.daphnet.iliesi.cnr.it/texts/Presocratics/1-A,52.plain.html
2025-08-18 18:00:46,845 - WARNING - HTTP 500 for http://ancientsource.daphnet.iliesi.cnr.it/texts/Presocratics/1-A,53.plain.html
2025-08-18 18:00:48,828 - WARNING - HTTP 500 for http://ancientsource.daphnet.iliesi.cnr.it/texts/Presocratics/1-A,54.plain.html
2025-08-18 18:00:50,833 - WARNING - HTTP 500 for http://ancientsource.daphnet.iliesi.cnr.it/texts/Presocratics/1-A,55.plain.html
2025-08-18 18:00:52,839 - WARNING - HTTP 500 for http://ancientsource.daphnet.iliesi.cnr.it/texts/Presocratics/1-A,56.plain.html
2025-08-18 18:00:54,841 - WARNING - HTTP 500 for http://ancientsource.daphnet.iliesi.cnr.it/texts/Presocratics/1-A,57.plain.html
2025-08-18 18:00:56,842 - WARNING - HTTP 500 for http://ancientsource.daphnet.iliesi.cnr.it/texts/Presocratics/1-A,58.plain.html
2025-08-18 18:00:58,851 - WARNING - HTTP 500 for http://ancientsource.daphnet.iliesi.cnr.it/texts/Presocratics/1-A,59.plain.html
2025-08-18 18:01:00,854 - WARNING - HTTP 500 for http://ancientsource.daphnet.iliesi.cnr.it/texts/Presocratics/1-A,60.plain.html
2025-08-18 18:01:02,845 - WARNING - HTTP 500 for http://ancientsource.daphnet.iliesi.cnr.it/texts/Presocratics/1-A,61.plain.html
2025-08-18 18:01:04,844 - WARNING - HTTP 500 for http://ancientsource.daphnet.iliesi.cnr.it/texts/Presocratics/1-A,62.plain.html
2025-08-18 18:01:06,889 - WARNING - HTTP 500 for http://ancientsource.daphnet.iliesi.cnr.it/texts/Presocratics/1-A,63.plain.html
2025-08-18 18:01:08,889 - WARNING - HTTP 500 for http://ancientsource.daphnet.iliesi.cnr.it/texts/Presocratics/1-A,64.plain.html
2025-08-18 18:01:10,849 - WARNING - HTTP 500 for http://ancientsource.daphnet.iliesi.cnr.it/texts/Presocratics/1-A,65.plain.html
2025-08-18 18:01:12,861 - WARNING - HTTP 500 for http://ancientsource.daphnet.iliesi.cnr.it/texts/Presocratics/1-A,66.plain.html
2025-08-18 18:01:14,851 - WARNING - HTTP 500 for http://ancientsource.daphnet.iliesi.cnr.it/texts/Presocratics/1-A,67.plain.html
2025-08-18 18:01:16,870 - WARNING - HTTP 500 for http://ancientsource.daphnet.iliesi.cnr.it/texts/Presocratics/1-A,68.plain.html
2025-08-18 18:01:18,849 - WARNING - HTTP 500 for http://ancientsource.daphnet.iliesi.cnr.it/texts/Presocratics/1-A,69.plain.html
2025-08-18 18:01:20,862 - WARNING - HTTP 500 for http://ancientsource.daphnet.iliesi.cnr.it/texts/Presocratics/1-A,70.plain.html
2025-08-18 18:01:22,862 - WARNING - HTTP 500 for http://ancientsource.daphnet.iliesi.cnr.it/texts/Presocratics/1-A,71.plain.html
2025-08-18 18:01:24,860 - WARNING - HTTP 500 for http://ancientsource.daphnet.iliesi.cnr.it/texts/Presocratics/1-A,72.plain.html
2025-08-18 18:01:26,908 - WARNING - HTTP 500 for http://ancientsource.daphnet.iliesi.cnr.it/texts/Presocratics/1-A,73.plain.html
2025-08-18 18:01:28,900 - WARNING - HTTP 500 for http://ancientsource.daphnet.iliesi.cnr.it/texts/Presocratics/1-A,74.plain.html
2025-08-18 18:01:30,861 - WARNING - HTTP 500 for http://ancientsource.daphnet.iliesi.cnr.it/texts/Presocratics/1-A,75.plain.html
2025-08-18 18:01:32,919 - WARNING - HTTP 500 for http://ancientsource.daphnet.iliesi.cnr.it/texts/Presocratics/1-A,76.plain.html
2025-08-18 18:01:34,863 - WARNING - HTTP 500 for http://ancientsource.daphnet.iliesi.cnr.it/texts/Presocratics/1-A,77.plain.html
2025-08-18 18:01:36,869 - WARNING - HTTP 500 for http://ancientsource.daphnet.iliesi.cnr.it/texts/Presocratics/1-A,78.plain.html
2025-08-18 18:01:38,869 - WARNING - HTTP 500 for http://ancientsource.daphnet.iliesi.cnr.it/texts/Presocratics/1-A,79.plain.html
2025-08-18 18:01:40,869 - WARNING - HTTP 500 for http://ancientsource.daphnet.iliesi.cnr.it/texts/Presocratics/1-A,80.plain.html
2025-08-18 18:01:42,916 - WARNING - HTTP 500 for http://ancientsource.daphnet.iliesi.cnr.it/texts/Presocratics/1-A,81.plain.html
2025-08-18 18:01:44,877 - WARNING - HTTP 500 for http://ancientsource.daphnet.iliesi.cnr.it/texts/Presocratics/1-A,82.plain.html
2025-08-18 18:01:46,873 - WARNING - HTTP 500 for http://ancientsource.daphnet.iliesi.cnr.it/texts/Presocratics/1-A,83.plain.html
2025-08-18 18:01:48,872 - WARNING - HTTP 500 for http://ancientsource.daphnet.iliesi.cnr.it/texts/Presocratics/1-A,84.plain.html
2025-08-18 18:01:50,885 - WARNING - HTTP 500 for http://ancientsource.daphnet.iliesi.cnr.it/texts/Presocratics/1-A,85.plain.html
2025-08-18 18:01:52,922 - WARNING - HTTP 500 for http://ancientsource.daphnet.iliesi.cnr.it/texts/Presocratics/1-A,86.plain.html
2025-08-18 18:01:54,874 - WARNING - HTTP 500 for http://ancientsource.daphnet.iliesi.cnr.it/texts/Presocratics/1-A,87.plain.html
2025-08-18 18:01:57,165 - WARNING - HTTP 500 for http://ancientsource.daphnet.iliesi.cnr.it/texts/Presocratics/1-A,88.plain.html
2025-08-18 18:01:58,925 - WARNING - HTTP 500 for http://ancientsource.daphnet.iliesi.cnr.it/texts/Presocratics/1-A,89.plain.html
2025-08-18 18:02:00,932 - WARNING - HTTP 500 for http://ancientsource.daphnet.iliesi.cnr.it/texts/Presocratics/1-A,90.plain.html
2025-08-18 18:02:02,932 - WARNING - HTTP 500 for http://ancientsource.daphnet.iliesi.cnr.it/texts/Presocratics/1-A,91.plain.html
2025-08-18 18:02:04,887 - WARNING - HTTP 500 for http://ancientsource.daphnet.iliesi.cnr.it/texts/Presocratics/1-A,92.plain.html
2025-08-18 18:02:06,904 - WARNING - HTTP 500 for http://ancientsource.daphnet.iliesi.cnr.it/texts/Presocratics/1-A,93.plain.html
2025-08-18 18:02:08,926 - WARNING - HTTP 500 for http://ancientsource.daphnet.iliesi.cnr.it/texts/Presocratics/1-A,94.plain.html
2025-08-18 18:02:10,887 - WARNING - HTTP 500 for http://ancientsource.daphnet.iliesi.cnr.it/texts/Presocratics/1-A,95.plain.html
2025-08-18 18:02:13,029 - WARNING - HTTP 500 for http://ancientsource.daphnet.iliesi.cnr.it/texts/Presocratics/1-A,96.plain.html
2025-08-18 18:02:14,890 - WARNING - HTTP 500 for http://ancientsource.daphnet.iliesi.cnr.it/texts/Presocratics/1-A,97.plain.html
2025-08-18 18:02:16,892 - WARNING - HTTP 500 for http://ancientsource.daphnet.iliesi.cnr.it/texts/Presocratics/1-A,98.plain.html
2025-08-18 18:02:18,894 - WARNING - HTTP 500 for http://ancientsource.daphnet.iliesi.cnr.it/texts/Presocratics/1-A,99.plain.html
2025-08-18 18:02:20,900 - WARNING - HTTP 500 for http://ancientsource.daphnet.iliesi.cnr.it/texts/Presocratics/1-A,100.plain.html
2025-08-18 18:02:23,013 - WARNING - HTTP 500 for http://ancientsource.daphnet.iliesi.cnr.it/texts/Presocratics/1-A,101.plain.html
2025-08-18 18:02:24,910 - WARNING - HTTP 500 for http://ancientsource.daphnet.iliesi.cnr.it/texts/Presocratics/1-A,102.plain.html
2025-08-18 18:02:26,912 - WARNING - HTTP 500 for http://ancientsource.daphnet.iliesi.cnr.it/texts/Presocratics/1-A,103.plain.html
2025-08-18 18:02:28,938 - WARNING - HTTP 500 for http://ancientsource.daphnet.iliesi.cnr.it/texts/Presocratics/1-A,104.plain.html
2025-08-18 18:02:30,916 - WARNING - HTTP 500 for http://ancientsource.daphnet.iliesi.cnr.it/texts/Presocratics/1-A,105.plain.html
2025-08-18 18:02:32,905 - WARNING - HTTP 500 for http://ancientsource.daphnet.iliesi.cnr.it/texts/Presocratics/1-A,106.plain.html
2025-08-18 18:02:34,901 - WARNING - HTTP 500 for http://ancientsource.daphnet.iliesi.cnr.it/texts/Presocratics/1-A,107.plain.html
2025-08-18 18:02:37,247 - WARNING - HTTP 500 for http://ancientsource.daphnet.iliesi.cnr.it/texts/Presocratics/1-A,108.plain.html
2025-08-18 18:02:39,292 - WARNING - HTTP 500 for http://ancientsource.daphnet.iliesi.cnr.it/texts/Presocratics/1-A,109.plain.html
2025-08-18 18:02:40,938 - WARNING - HTTP 500 for http://ancientsource.daphnet.iliesi.cnr.it/texts/Presocratics/1-A,110.plain.html
2025-08-18 18:02:42,939 - WARNING - HTTP 500 for http://ancientsource.daphnet.iliesi.cnr.it/texts/Presocratics/1-A,111.plain.html
2025-08-18 18:02:44,907 - WARNING - HTTP 500 for http://ancientsource.daphnet.iliesi.cnr.it/texts/Presocratics/1-A,112.plain.html
2025-08-18 18:02:46,913 - WARNING - HTTP 500 for http://ancientsource.daphnet.iliesi.cnr.it/texts/Presocratics/1-A,113.plain.html
2025-08-18 18:02:48,936 - WARNING - HTTP 500 for http://ancientsource.daphnet.iliesi.cnr.it/texts/Presocratics/1-A,114.plain.html
2025-08-18 18:02:50,914 - WARNING - HTTP 500 for http://ancientsource.daphnet.iliesi.cnr.it/texts/Presocratics/1-A,115.plain.html
2025-08-18 18:02:52,916 - WARNING - HTTP 500 for http://ancientsource.daphnet.iliesi.cnr.it/texts/Presocratics/1-A,116.plain.html
2025-08-18 18:02:54,917 - WARNING - HTTP 500 for http://ancientsource.daphnet.iliesi.cnr.it/texts/Presocratics/1-A,117.plain.html
2025-08-18 18:02:57,013 - WARNING - HTTP 500 for http://ancientsource.daphnet.iliesi.cnr.it/texts/Presocratics/1-A,118.plain.html
2025-08-18 18:02:58,965 - WARNING - HTTP 500 for http://ancientsource.daphnet.iliesi.cnr.it/texts/Presocratics/1-A,119.plain.html
2025-08-18 18:03:00,971 - WARNING - HTTP 500 for http://ancientsource.daphnet.iliesi.cnr.it/texts/Presocratics/1-A,120.plain.html
2025-08-18 18:03:03,017 - WARNING - HTTP 500 for http://ancientsource.daphnet.iliesi.cnr.it/texts/Presocratics/1-A,121.plain.html
2025-08-18 18:03:04,954 - WARNING - HTTP 500 for http://ancientsource.daphnet.iliesi.cnr.it/texts/Presocratics/1-A,122.plain.html
2025-08-18 18:03:06,974 - WARNING - HTTP 500 for http://ancientsource.daphnet.iliesi.cnr.it/texts/Presocratics/1-A,123.plain.html
2025-08-18 18:03:09,017 - WARNING - HTTP 500 for http://ancientsource.daphnet.iliesi.cnr.it/texts/Presocratics/1-A,124.plain.html
2025-08-18 18:03:10,923 - WARNING - HTTP 500 for http://ancientsource.daphnet.iliesi.cnr.it/texts/Presocratics/1-A,125.plain.html
2025-08-18 18:03:12,931 - WARNING - HTTP 500 for http://ancientsource.daphnet.iliesi.cnr.it/texts/Presocratics/1-A,126.plain.html
2025-08-18 18:03:14,918 - WARNING - HTTP 500 for http://ancientsource.daphnet.iliesi.cnr.it/texts/Presocratics/1-A,127.plain.html
2025-08-18 18:03:16,926 - WARNING - HTTP 500 for http://ancientsource.daphnet.iliesi.cnr.it/texts/Presocratics/1-A,128.plain.html
2025-08-18 18:03:18,932 - WARNING - HTTP 500 for http://ancientsource.daphnet.iliesi.cnr.it/texts/Presocratics/1-A,129.plain.html
2025-08-18 18:03:20,956 - WARNING - HTTP 500 for http://ancientsource.daphnet.iliesi.cnr.it/texts/Presocratics/1-A,130.plain.html
2025-08-18 18:03:22,933 - WARNING - HTTP 500 for http://ancientsource.daphnet.iliesi.cnr.it/texts/Presocratics/1-A,131.plain.html
2025-08-18 18:03:24,933 - WARNING - HTTP 500 for http://ancientsource.daphnet.iliesi.cnr.it/texts/Presocratics/1-A,132.plain.html
2025-08-18 18:03:26,934 - WARNING - HTTP 500 for http://ancientsource.daphnet.iliesi.cnr.it/texts/Presocratics/1-A,133.plain.html
2025-08-18 18:03:28,931 - WARNING - HTTP 500 for http://ancientsource.daphnet.iliesi.cnr.it/texts/Presocratics/1-A,134.plain.html
2025-08-18 18:03:30,995 - WARNING - HTTP 500 for http://ancientsource.daphnet.iliesi.cnr.it/texts/Presocratics/1-A,135.plain.html
2025-08-18 18:03:32,983 - WARNING - HTTP 500 for http://ancientsource.daphnet.iliesi.cnr.it/texts/Presocratics/1-A,136.plain.html
2025-08-18 18:03:35,029 - WARNING - HTTP 500 for http://ancientsource.daphnet.iliesi.cnr.it/texts/Presocratics/1-A,137.plain.html
2025-08-18 18:03:36,938 - WARNING - HTTP 500 for http://ancientsource.daphnet.iliesi.cnr.it/texts/Presocratics/1-A,138.plain.html
2025-08-18 18:03:38,947 - WARNING - HTTP 500 for http://ancientsource.daphnet.iliesi.cnr.it/texts/Presocratics/1-A,139.plain.html
2025-08-18 18:03:40,952 - WARNING - HTTP 500 for http://ancientsource.daphnet.iliesi.cnr.it/texts/Presocratics/1-A,140.plain.html
2025-08-18 18:03:42,940 - WARNING - HTTP 500 for http://ancientsource.daphnet.iliesi.cnr.it/texts/Presocratics/1-A,141.plain.html
2025-08-18 18:03:44,941 - WARNING - HTTP 500 for http://ancientsource.daphnet.iliesi.cnr.it/texts/Presocratics/1-A,142.plain.html
2025-08-18 18:03:46,947 - WARNING - HTTP 500 for http://ancientsource.daphnet.iliesi.cnr.it/texts/Presocratics/1-A,143.plain.html
2025-08-18 18:03:48,985 - WARNING - HTTP 500 for http://ancientsource.daphnet.iliesi.cnr.it/texts/Presocratics/1-A,144.plain.html
2025-08-18 18:03:50,954 - WARNING - HTTP 500 for http://ancientsource.daphnet.iliesi.cnr.it/texts/Presocratics/1-A,145.plain.html
2025-08-18 18:03:52,948 - WARNING - HTTP 500 for http://ancientsource.daphnet.iliesi.cnr.it/texts/Presocratics/1-A,146.plain.html
2025-08-18 18:03:54,947 - WARNING - HTTP 500 for http://ancientsource.daphnet.iliesi.cnr.it/texts/Presocratics/1-A,147.plain.html
2025-08-18 18:03:56,948 - WARNING - HTTP 500 for http://ancientsource.daphnet.iliesi.cnr.it/texts/Presocratics/1-A,148.plain.html
2025-08-18 18:03:59,052 - WARNING - HTTP 500 for http://ancientsource.daphnet.iliesi.cnr.it/texts/Presocratics/1-A,149.plain.html
2025-08-18 18:04:00,957 - WARNING - HTTP 500 for http://ancientsource.daphnet.iliesi.cnr.it/texts/Presocratics/1-A,150.plain.html
2025-08-18 18:04:02,960 - WARNING - HTTP 500 for http://ancientsource.daphnet.iliesi.cnr.it/texts/Presocratics/1-A,151.plain.html
2025-08-18 18:04:04,957 - WARNING - HTTP 500 for http://ancientsource.daphnet.iliesi.cnr.it/texts/Presocratics/1-A,152.plain.html
2025-08-18 18:04:07,007 - WARNING - HTTP 500 for http://ancientsource.daphnet.iliesi.cnr.it/texts/Presocratics/1-A,153.plain.html
2025-08-18 18:04:08,959 - WARNING - HTTP 500 for http://ancientsource.daphnet.iliesi.cnr.it/texts/Presocratics/1-A,154.plain.html
2025-08-18 18:04:10,961 - WARNING - HTTP 500 for http://ancientsource.daphnet.iliesi.cnr.it/texts/Presocratics/1-A,155.plain.html
2025-08-18 18:04:12,994 - WARNING - HTTP 500 for http://ancientsource.daphnet.iliesi.cnr.it/texts/Presocratics/1-A,156.plain.html
2025-08-18 18:04:15,022 - WARNING - HTTP 500 for http://ancientsource.daphnet.iliesi.cnr.it/texts/Presocratics/1-A,157.plain.html
2025-08-18 18:04:17,015 - WARNING - HTTP 500 for http://ancientsource.daphnet.iliesi.cnr.it/texts/Presocratics/1-A,158.plain.html
2025-08-18 18:04:19,018 - WARNING - HTTP 500 for http://ancientsource.daphnet.iliesi.cnr.it/texts/Presocratics/1-A,159.plain.html
2025-08-18 18:04:21,013 - WARNING - HTTP 500 for http://ancientsource.daphnet.iliesi.cnr.it/texts/Presocratics/1-A,160.plain.html
2025-08-18 18:04:22,968 - WARNING - HTTP 500 for http://ancientsource.daphnet.iliesi.cnr.it/texts/Presocratics/1-A,161.plain.html
2025-08-18 18:04:24,971 - WARNING - HTTP 500 for http://ancientsource.daphnet.iliesi.cnr.it/texts/Presocratics/1-A,162.plain.html
2025-08-18 18:04:26,969 - WARNING - HTTP 500 for http://ancientsource.daphnet.iliesi.cnr.it/texts/Presocratics/1-A,163.plain.html
2025-08-18 18:04:29,052 - WARNING - HTTP 500 for http://ancientsource.daphnet.iliesi.cnr.it/texts/Presocratics/1-A,164.plain.html
2025-08-18 18:04:30,979 - WARNING - HTTP 500 for http://ancientsource.daphnet.iliesi.cnr.it/texts/Presocratics/1-A,165.plain.html
2025-08-18 18:04:32,974 - WARNING - HTTP 500 for http://ancientsource.daphnet.iliesi.cnr.it/texts/Presocratics/1-A,166.plain.html
2025-08-18 18:04:35,007 - WARNING - HTTP 500 for http://ancientsource.daphnet.iliesi.cnr.it/texts/Presocratics/1-A,167.plain.html
2025-08-18 18:04:36,974 - WARNING - HTTP 500 for http://ancientsource.daphnet.iliesi.cnr.it/texts/Presocratics/1-A,168.plain.html
2025-08-18 18:04:38,978 - WARNING - HTTP 500 for http://ancientsource.daphnet.iliesi.cnr.it/texts/Presocratics/1-A,169.plain.html
2025-08-18 18:04:40,977 - WARNING - HTTP 500 for http://ancientsource.daphnet.iliesi.cnr.it/texts/Presocratics/1-A,170.plain.html
2025-08-18 18:04:42,979 - WARNING - HTTP 500 for http://ancientsource.daphnet.iliesi.cnr.it/texts/Presocratics/1-A,171.plain.html
2025-08-18 18:04:44,994 - WARNING - HTTP 500 for http://ancientsource.daphnet.iliesi.cnr.it/texts/Presocratics/1-A,172.plain.html
2025-08-18 18:04:46,983 - WARNING - HTTP 500 for http://ancientsource.daphnet.iliesi.cnr.it/texts/Presocratics/1-A,173.plain.html
2025-08-18 18:04:48,987 - WARNING - HTTP 500 for http://ancientsource.daphnet.iliesi.cnr.it/texts/Presocratics/1-A,174.plain.html
2025-08-18 18:04:51,002 - WARNING - HTTP 500 for http://ancientsource.daphnet.iliesi.cnr.it/texts/Presocratics/1-A,175.plain.html
2025-08-18 18:04:53,337 - WARNING - HTTP 500 for http://ancientsource.daphnet.iliesi.cnr.it/texts/Presocratics/1-A,176.plain.html
2025-08-18 18:04:54,989 - WARNING - HTTP 500 for http://ancientsource.daphnet.iliesi.cnr.it/texts/Presocratics/1-A,177.plain.html
2025-08-18 18:04:57,047 - WARNING - HTTP 500 for http://ancientsource.daphnet.iliesi.cnr.it/texts/Presocratics/1-A,178.plain.html
2025-08-18 18:04:59,028 - WARNING - HTTP 500 for http://ancientsource.daphnet.iliesi.cnr.it/texts/Presocratics/1-A,179.plain.html
2025-08-18 18:05:00,994 - WARNING - HTTP 500 for http://ancientsource.daphnet.iliesi.cnr.it/texts/Presocratics/1-A,180.plain.html
2025-08-18 18:05:03,042 - WARNING - HTTP 500 for http://ancientsource.daphnet.iliesi.cnr.it/texts/Presocratics/1-A,181.plain.html
2025-08-18 18:05:04,999 - WARNING - HTTP 500 for http://ancientsource.daphnet.iliesi.cnr.it/texts/Presocratics/1-A,182.plain.html
2025-08-18 18:05:07,003 - WARNING - HTTP 500 for http://ancientsource.daphnet.iliesi.cnr.it/texts/Presocratics/1-A,183.plain.html
2025-08-18 18:05:09,005 - WARNING - HTTP 500 for http://ancientsource.daphnet.iliesi.cnr.it/texts/Presocratics/1-A,184.plain.html
2025-08-18 18:05:11,045 - WARNING - HTTP 500 for http://ancientsource.daphnet.iliesi.cnr.it/texts/Presocratics/1-A,185.plain.html
2025-08-18 18:05:13,020 - WARNING - HTTP 500 for http://ancientsource.daphnet.iliesi.cnr.it/texts/Presocratics/1-A,186.plain.html
2025-08-18 18:05:15,034 - WARNING - HTTP 500 for http://ancientsource.daphnet.iliesi.cnr.it/texts/Presocratics/1-A,187.plain.html
2025-08-18 18:05:16,996 - WARNING - HTTP 500 for http://ancientsource.daphnet.iliesi.cnr.it/texts/Presocratics/1-A,188.plain.html
2025-08-18 18:05:19,061 - WARNING - HTTP 500 for http://ancientsource.daphnet.iliesi.cnr.it/texts/Presocratics/1-A,189.plain.html
2025-08-18 18:05:21,050 - WARNING - HTTP 500 for http://ancientsource.daphnet.iliesi.cnr.it/texts/Presocratics/1-A,190.plain.html
2025-08-18 18:05:23,044 - WARNING - HTTP 500 for http://ancientsource.daphnet.iliesi.cnr.it/texts/Presocratics/1-A,191.plain.html
2025-08-18 18:05:25,040 - WARNING - HTTP 500 for http://ancientsource.daphnet.iliesi.cnr.it/texts/Presocratics/1-A,192.plain.html
2025-08-18 18:05:27,005 - WARNING - HTTP 500 for http://ancientsource.daphnet.iliesi.cnr.it/texts/Presocratics/1-A,193.plain.html
2025-08-18 18:05:29,011 - WARNING - HTTP 500 for http://ancientsource.daphnet.iliesi.cnr.it/texts/Presocratics/1-A,194.plain.html
2025-08-18 18:05:31,069 - WARNING - HTTP 500 for http://ancientsource.daphnet.iliesi.cnr.it/texts/Presocratics/1-A,195.plain.html
2025-08-18 18:05:33,014 - WARNING - HTTP 500 for http://ancientsource.daphnet.iliesi.cnr.it/texts/Presocratics/1-A,196.plain.html
2025-08-18 18:05:35,065 - WARNING - HTTP 500 for http://ancientsource.daphnet.iliesi.cnr.it/texts/Presocratics/1-A,197.plain.html
2025-08-18 18:05:37,018 - WARNING - HTTP 500 for http://ancientsource.daphnet.iliesi.cnr.it/texts/Presocratics/1-A,198.plain.html
2025-08-18 18:05:39,066 - WARNING - HTTP 500 for http://ancientsource.daphnet.iliesi.cnr.it/texts/Presocratics/1-A,199.plain.html
2025-08-18 18:05:41,012 - WARNING - HTTP 500 for http://ancientsource.daphnet.iliesi.cnr.it/texts/Presocratics/1-A,200.plain.html
2025-08-18 18:05:43,191 - INFO - Successfully extracted: 1-B,1
2025-08-18 18:05:45,059 - INFO - Successfully extracted: 1-B,2
2025-08-18 18:05:47,027 - INFO - Successfully extracted: 1-B,3
2025-08-18 18:05:49,025 - INFO - Successfully extracted: 1-B,4
2025-08-18 18:05:51,025 - INFO - Successfully extracted: 1-B,5
2025-08-18 18:05:53,096 - INFO - Successfully extracted: 1-B,6
2025-08-18 18:05:55,027 - INFO - Successfully extracted: 1-B,7
2025-08-18 18:05:57,033 - INFO - Successfully extracted: 1-B,8
2025-08-18 18:05:59,027 - INFO - Successfully extracted: 1-B,9
2025-08-18 18:06:01,027 - INFO - Successfully extracted: 1-B,10
2025-08-18 18:06:03,038 - INFO - Successfully extracted: 1-B,11
2025-08-18 18:06:05,057 - INFO - Successfully extracted: 1-B,12
2025-08-18 18:06:07,072 - INFO - Successfully extracted: 1-B,13
2025-08-18 18:06:09,034 - INFO - Successfully extracted: 1-B,14
2025-08-18 18:06:11,038 - INFO - Successfully extracted: 1-B,15
2025-08-18 18:06:13,081 - INFO - Successfully extracted: 1-B,16
2025-08-18 18:06:15,044 - INFO - Successfully extracted: 1-B,17
2025-08-18 18:06:17,080 - INFO - Successfully extracted: 1-B,18
2025-08-18 18:06:19,046 - INFO - Successfully extracted: 1-B,19
2025-08-18 18:06:21,049 - INFO - Successfully extracted: 1-B,20
2025-08-18 18:06:23,055 - INFO - Successfully extracted: 1-B,21
2025-08-18 18:06:25,049 - INFO - Successfully extracted: 1-B,22
2025-08-18 18:06:27,101 - INFO - Successfully extracted: 1-B,23
2025-08-18 18:06:29,039 - WARNING - HTTP 500 for http://ancientsource.daphnet.iliesi.cnr.it/texts/Presocratics/1-B,24.plain.html
2025-08-18 18:06:31,041 - WARNING - HTTP 500 for http://ancientsource.daphnet.iliesi.cnr.it/texts/Presocratics/1-B,25.plain.html
2025-08-18 18:06:33,047 - WARNING - HTTP 500 for http://ancientsource.daphnet.iliesi.cnr.it/texts/Presocratics/1-B,26.plain.html
2025-08-18 18:06:35,050 - WARNING - HTTP 500 for http://ancientsource.daphnet.iliesi.cnr.it/texts/Presocratics/1-B,27.plain.html
2025-08-18 18:06:37,096 - WARNING - HTTP 500 for http://ancientsource.daphnet.iliesi.cnr.it/texts/Presocratics/1-B,28.plain.html
2025-08-18 18:06:39,046 - WARNING - HTTP 500 for http://ancientsource.daphnet.iliesi.cnr.it/texts/Presocratics/1-B,29.plain.html
2025-08-18 18:06:41,048 - WARNING - HTTP 500 for http://ancientsource.daphnet.iliesi.cnr.it/texts/Presocratics/1-B,30.plain.html
2025-08-18 18:06:43,048 - WARNING - HTTP 500 for http://ancientsource.daphnet.iliesi.cnr.it/texts/Presocratics/1-B,31.plain.html
2025-08-18 18:06:45,053 - WARNING - HTTP 500 for http://ancientsource.daphnet.iliesi.cnr.it/texts/Presocratics/1-B,32.plain.html
2025-08-18 18:06:47,060 - WARNING - HTTP 500 for http://ancientsource.daphnet.iliesi.cnr.it/texts/Presocratics/1-B,33.plain.html
2025-08-18 18:06:49,052 - WARNING - HTTP 500 for http://ancientsource.daphnet.iliesi.cnr.it/texts/Presocratics/1-B,34.plain.html
2025-08-18 18:06:51,055 - WARNING - HTTP 500 for http://ancientsource.daphnet.iliesi.cnr.it/texts/Presocratics/1-B,35.plain.html
2025-08-18 18:06:53,098 - WARNING - HTTP 500 for http://ancientsource.daphnet.iliesi.cnr.it/texts/Presocratics/1-B,36.plain.html
2025-08-18 18:06:55,062 - WARNING - HTTP 500 for http://ancientsource.daphnet.iliesi.cnr.it/texts/Presocratics/1-B,37.plain.html
2025-08-18 18:06:57,060 - WARNING - HTTP 500 for http://ancientsource.daphnet.iliesi.cnr.it/texts/Presocratics/1-B,38.plain.html
2025-08-18 18:06:59,059 - WARNING - HTTP 500 for http://ancientsource.daphnet.iliesi.cnr.it/texts/Presocratics/1-B,39.plain.html
2025-08-18 18:07:01,064 - WARNING - HTTP 500 for http://ancientsource.daphnet.iliesi.cnr.it/texts/Presocratics/1-B,40.plain.html
2025-08-18 18:07:03,061 - WARNING - HTTP 500 for http://ancientsource.daphnet.iliesi.cnr.it/texts/Presocratics/1-B,41.plain.html
2025-08-18 18:07:05,070 - WARNING - HTTP 500 for http://ancientsource.daphnet.iliesi.cnr.it/texts/Presocratics/1-B,42.plain.html
2025-08-18 18:07:07,065 - WARNING - HTTP 500 for http://ancientsource.daphnet.iliesi.cnr.it/texts/Presocratics/1-B,43.plain.html
2025-08-18 18:07:09,114 - WARNING - HTTP 500 for http://ancientsource.daphnet.iliesi.cnr.it/texts/Presocratics/1-B,44.plain.html
2025-08-18 18:07:11,064 - WARNING - HTTP 500 for http://ancientsource.daphnet.iliesi.cnr.it/texts/Presocratics/1-B,45.plain.html
2025-08-18 18:07:13,106 - WARNING - HTTP 500 for http://ancientsource.daphnet.iliesi.cnr.it/texts/Presocratics/1-B,46.plain.html
2025-08-18 18:07:15,071 - WARNING - HTTP 500 for http://ancientsource.daphnet.iliesi.cnr.it/texts/Presocratics/1-B,47.plain.html
2025-08-18 18:07:17,078 - WARNING - HTTP 500 for http://ancientsource.daphnet.iliesi.cnr.it/texts/Presocratics/1-B,48.plain.html
2025-08-18 18:07:19,076 - WARNING - HTTP 500 for http://ancientsource.daphnet.iliesi.cnr.it/texts/Presocratics/1-B,49.plain.html
2025-08-18 18:07:21,073 - WARNING - HTTP 500 for http://ancientsource.daphnet.iliesi.cnr.it/texts/Presocratics/1-B,50.plain.html
2025-08-18 18:07:23,072 - WARNING - HTTP 500 for http://ancientsource.daphnet.iliesi.cnr.it/texts/Presocratics/1-B,51.plain.html
2025-08-18 18:07:25,079 - WARNING - HTTP 500 for http://ancientsource.daphnet.iliesi.cnr.it/texts/Presocratics/1-B,52.plain.html
2025-08-18 18:07:27,130 - WARNING - HTTP 500 for http://ancientsource.daphnet.iliesi.cnr.it/texts/Presocratics/1-B,53.plain.html
2025-08-18 18:07:29,083 - WARNING - HTTP 500 for http://ancientsource.daphnet.iliesi.cnr.it/texts/Presocratics/1-B,54.plain.html
2025-08-18 18:07:31,079 - WARNING - HTTP 500 for http://ancientsource.daphnet.iliesi.cnr.it/texts/Presocratics/1-B,55.plain.html
2025-08-18 18:07:33,119 - WARNING - HTTP 500 for http://ancientsource.daphnet.iliesi.cnr.it/texts/Presocratics/1-B,56.plain.html
2025-08-18 18:07:35,089 - WARNING - HTTP 500 for http://ancientsource.daphnet.iliesi.cnr.it/texts/Presocratics/1-B,57.plain.html
2025-08-18 18:07:37,085 - WARNING - HTTP 500 for http://ancientsource.daphnet.iliesi.cnr.it/texts/Presocratics/1-B,58.plain.html
2025-08-18 18:07:39,084 - WARNING - HTTP 500 for http://ancientsource.daphnet.iliesi.cnr.it/texts/Presocratics/1-B,59.plain.html
2025-08-18 18:07:41,100 - WARNING - HTTP 500 for http://ancientsource.daphnet.iliesi.cnr.it/texts/Presocratics/1-B,60.plain.html
2025-08-18 18:07:43,090 - WARNING - HTTP 500 for http://ancientsource.daphnet.iliesi.cnr.it/texts/Presocratics/1-B,61.plain.html
2025-08-18 18:07:45,087 - WARNING - HTTP 500 for http://ancientsource.daphnet.iliesi.cnr.it/texts/Presocratics/1-B,62.plain.html
2025-08-18 18:07:47,091 - WARNING - HTTP 500 for http://ancientsource.daphnet.iliesi.cnr.it/texts/Presocratics/1-B,63.plain.html
2025-08-18 18:07:49,140 - WARNING - HTTP 500 for http://ancientsource.daphnet.iliesi.cnr.it/texts/Presocratics/1-B,64.plain.html
2025-08-18 18:07:51,130 - WARNING - HTTP 500 for http://ancientsource.daphnet.iliesi.cnr.it/texts/Presocratics/1-B,65.plain.html
2025-08-18 18:07:53,257 - WARNING - HTTP 500 for http://ancientsource.daphnet.iliesi.cnr.it/texts/Presocratics/1-B,66.plain.html
2025-08-18 18:07:55,149 - WARNING - HTTP 500 for http://ancientsource.daphnet.iliesi.cnr.it/texts/Presocratics/1-B,67.plain.html
2025-08-18 18:07:57,100 - WARNING - HTTP 500 for http://ancientsource.daphnet.iliesi.cnr.it/texts/Presocratics/1-B,68.plain.html
2025-08-18 18:07:59,144 - WARNING - HTTP 500 for http://ancientsource.daphnet.iliesi.cnr.it/texts/Presocratics/1-B,69.plain.html
2025-08-18 18:08:01,154 - WARNING - HTTP 500 for http://ancientsource.daphnet.iliesi.cnr.it/texts/Presocratics/1-B,70.plain.html
2025-08-18 18:08:03,104 - WARNING - HTTP 500 for http://ancientsource.daphnet.iliesi.cnr.it/texts/Presocratics/1-B,71.plain.html
2025-08-18 18:08:05,107 - WARNING - HTTP 500 for http://ancientsource.daphnet.iliesi.cnr.it/texts/Presocratics/1-B,72.plain.html
2025-08-18 18:08:07,106 - WARNING - HTTP 500 for http://ancientsource.daphnet.iliesi.cnr.it/texts/Presocratics/1-B,73.plain.html
2025-08-18 18:08:09,108 - WARNING - HTTP 500 for http://ancientsource.daphnet.iliesi.cnr.it/texts/Presocratics/1-B,74.plain.html
2025-08-18 18:08:11,109 - WARNING - HTTP 500 for http://ancientsource.daphnet.iliesi.cnr.it/texts/Presocratics/1-B,75.plain.html
2025-08-18 18:08:13,107 - WARNING - HTTP 500 for http://ancientsource.daphnet.iliesi.cnr.it/texts/Presocratics/1-B,76.plain.html
2025-08-18 18:08:15,105 - WARNING - HTTP 500 for http://ancientsource.daphnet.iliesi.cnr.it/texts/Presocratics/1-B,77.plain.html
2025-08-18 18:08:17,112 - WARNING - HTTP 500 for http://ancientsource.daphnet.iliesi.cnr.it/texts/Presocratics/1-B,78.plain.html
2025-08-18 18:08:19,107 - WARNING - HTTP 500 for http://ancientsource.daphnet.iliesi.cnr.it/texts/Presocratics/1-B,79.plain.html
2025-08-18 18:08:21,116 - WARNING - HTTP 500 for http://ancientsource.daphnet.iliesi.cnr.it/texts/Presocratics/1-B,80.plain.html
2025-08-18 18:08:23,117 - WARNING - HTTP 500 for http://ancientsource.daphnet.iliesi.cnr.it/texts/Presocratics/1-B,81.plain.html
2025-08-18 18:08:25,118 - WARNING - HTTP 500 for http://ancientsource.daphnet.iliesi.cnr.it/texts/Presocratics/1-B,82.plain.html
2025-08-18 18:08:27,117 - WARNING - HTTP 500 for http://ancientsource.daphnet.iliesi.cnr.it/texts/Presocratics/1-B,83.plain.html
2025-08-18 18:08:29,114 - WARNING - HTTP 500 for http://ancientsource.daphnet.iliesi.cnr.it/texts/Presocratics/1-B,84.plain.html
2025-08-18 18:08:31,125 - WARNING - HTTP 500 for http://ancientsource.daphnet.iliesi.cnr.it/texts/Presocratics/1-B,85.plain.html
2025-08-18 18:08:33,176 - WARNING - HTTP 500 for http://ancientsource.daphnet.iliesi.cnr.it/texts/Presocratics/1-B,86.plain.html
2025-08-18 18:08:35,129 - WARNING - HTTP 500 for http://ancientsource.daphnet.iliesi.cnr.it/texts/Presocratics/1-B,87.plain.html
2025-08-18 18:08:37,120 - WARNING - HTTP 500 for http://ancientsource.daphnet.iliesi.cnr.it/texts/Presocratics/1-B,88.plain.html
2025-08-18 18:08:39,123 - WARNING - HTTP 500 for http://ancientsource.daphnet.iliesi.cnr.it/texts/Presocratics/1-B,89.plain.html
2025-08-18 18:08:41,162 - WARNING - HTTP 500 for http://ancientsource.daphnet.iliesi.cnr.it/texts/Presocratics/1-B,90.plain.html
2025-08-18 18:08:43,210 - WARNING - HTTP 500 for http://ancientsource.daphnet.iliesi.cnr.it/texts/Presocratics/1-B,91.plain.html
2025-08-18 18:08:45,162 - WARNING - HTTP 500 for http://ancientsource.daphnet.iliesi.cnr.it/texts/Presocratics/1-B,92.plain.html
2025-08-18 18:08:47,180 - WARNING - HTTP 500 for http://ancientsource.daphnet.iliesi.cnr.it/texts/Presocratics/1-B,93.plain.html
2025-08-18 18:08:49,175 - WARNING - HTTP 500 for http://ancientsource.daphnet.iliesi.cnr.it/texts/Presocratics/1-B,94.plain.html
2025-08-18 18:08:51,243 - WARNING - HTTP 500 for http://ancientsource.daphnet.iliesi.cnr.it/texts/Presocratics/1-B,95.plain.html
2025-08-18 18:08:53,165 - WARNING - HTTP 500 for http://ancientsource.daphnet.iliesi.cnr.it/texts/Presocratics/1-B,96.plain.html
2025-08-18 18:08:55,132 - WARNING - HTTP 500 for http://ancientsource.daphnet.iliesi.cnr.it/texts/Presocratics/1-B,97.plain.html
2025-08-18 18:08:57,133 - WARNING - HTTP 500 for http://ancientsource.daphnet.iliesi.cnr.it/texts/Presocratics/1-B,98.plain.html
2025-08-18 18:08:59,133 - WARNING - HTTP 500 for http://ancientsource.daphnet.iliesi.cnr.it/texts/Presocratics/1-B,99.plain.html
2025-08-18 18:09:01,182 - WARNING - HTTP 500 for http://ancientsource.daphnet.iliesi.cnr.it/texts/Presocratics/1-B,100.plain.html
2025-08-18 18:09:03,275 - WARNING - HTTP 500 for http://ancientsource.daphnet.iliesi.cnr.it/texts/Presocratics/1-B,101.plain.html
2025-08-18 18:09:05,140 - WARNING - HTTP 500 for http://ancientsource.daphnet.iliesi.cnr.it/texts/Presocratics/1-B,102.plain.html
2025-08-18 18:09:07,177 - WARNING - HTTP 500 for http://ancientsource.daphnet.iliesi.cnr.it/texts/Presocratics/1-B,103.plain.html
2025-08-18 18:09:09,145 - WARNING - HTTP 500 for http://ancientsource.daphnet.iliesi.cnr.it/texts/Presocratics/1-B,104.plain.html
2025-08-18 18:09:11,192 - WARNING - HTTP 500 for http://ancientsource.daphnet.iliesi.cnr.it/texts/Presocratics/1-B,105.plain.html
2025-08-18 18:09:13,208 - WARNING - HTTP 500 for http://ancientsource.daphnet.iliesi.cnr.it/texts/Presocratics/1-B,106.plain.html
2025-08-18 18:09:15,179 - WARNING - HTTP 500 for http://ancientsource.daphnet.iliesi.cnr.it/texts/Presocratics/1-B,107.plain.html
2025-08-18 18:09:17,146 - WARNING - HTTP 500 for http://ancientsource.daphnet.iliesi.cnr.it/texts/Presocratics/1-B,108.plain.html
2025-08-18 18:09:19,153 - WARNING - HTTP 500 for http://ancientsource.daphnet.iliesi.cnr.it/texts/Presocratics/1-B,109.plain.html
2025-08-18 18:09:21,228 - WARNING - HTTP 500 for http://ancientsource.daphnet.iliesi.cnr.it/texts/Presocratics/1-B,110.plain.html
2025-08-18 18:09:23,161 - WARNING - HTTP 500 for http://ancientsource.daphnet.iliesi.cnr.it/texts/Presocratics/1-B,111.plain.html
2025-08-18 18:09:25,157 - WARNING - HTTP 500 for http://ancientsource.daphnet.iliesi.cnr.it/texts/Presocratics/1-B,112.plain.html
2025-08-18 18:09:27,161 - WARNING - HTTP 500 for http://ancientsource.daphnet.iliesi.cnr.it/texts/Presocratics/1-B,113.plain.html
2025-08-18 18:09:29,157 - WARNING - HTTP 500 for http://ancientsource.daphnet.iliesi.cnr.it/texts/Presocratics/1-B,114.plain.html
2025-08-18 18:09:31,161 - WARNING - HTTP 500 for http://ancientsource.daphnet.iliesi.cnr.it/texts/Presocratics/1-B,115.plain.html
2025-08-18 18:09:33,164 - WARNING - HTTP 500 for http://ancientsource.daphnet.iliesi.cnr.it/texts/Presocratics/1-B,116.plain.html
2025-08-18 18:09:35,165 - WARNING - HTTP 500 for http://ancientsource.daphnet.iliesi.cnr.it/texts/Presocratics/1-B,117.plain.html
2025-08-18 18:09:37,210 - WARNING - HTTP 500 for http://ancientsource.daphnet.iliesi.cnr.it/texts/Presocratics/1-B,118.plain.html
2025-08-18 18:09:39,163 - WARNING - HTTP 500 for http://ancientsource.daphnet.iliesi.cnr.it/texts/Presocratics/1-B,119.plain.html
2025-08-18 18:09:41,170 - WARNING - HTTP 500 for http://ancientsource.daphnet.iliesi.cnr.it/texts/Presocratics/1-B,120.plain.html
2025-08-18 18:09:43,173 - WARNING - HTTP 500 for http://ancientsource.daphnet.iliesi.cnr.it/texts/Presocratics/1-B,121.plain.html
2025-08-18 18:09:45,191 - WARNING - HTTP 500 for http://ancientsource.daphnet.iliesi.cnr.it/texts/Presocratics/1-B,122.plain.html
2025-08-18 18:09:47,204 - WARNING - HTTP 500 for http://ancientsource.daphnet.iliesi.cnr.it/texts/Presocratics/1-B,123.plain.html
2025-08-18 18:09:49,233 - WARNING - HTTP 500 for http://ancientsource.daphnet.iliesi.cnr.it/texts/Presocratics/1-B,124.plain.html
2025-08-18 18:09:51,219 - WARNING - HTTP 500 for http://ancientsource.daphnet.iliesi.cnr.it/texts/Presocratics/1-B,125.plain.html
2025-08-18 18:09:53,216 - WARNING - HTTP 500 for http://ancientsource.daphnet.iliesi.cnr.it/texts/Presocratics/1-B,126.plain.html
2025-08-18 18:09:55,205 - WARNING - HTTP 500 for http://ancientsource.daphnet.iliesi.cnr.it/texts/Presocratics/1-B,127.plain.html
2025-08-18 18:09:57,222 - WARNING - HTTP 500 for http://ancientsource.daphnet.iliesi.cnr.it/texts/Presocratics/1-B,128.plain.html
2025-08-18 18:09:59,175 - WARNING - HTTP 500 for http://ancientsource.daphnet.iliesi.cnr.it/texts/Presocratics/1-B,129.plain.html
2025-08-18 18:10:01,212 - WARNING - HTTP 500 for http://ancientsource.daphnet.iliesi.cnr.it/texts/Presocratics/1-B,130.plain.html
2025-08-18 18:10:03,194 - WARNING - HTTP 500 for http://ancientsource.daphnet.iliesi.cnr.it/texts/Presocratics/1-B,131.plain.html
2025-08-18 18:10:05,194 - WARNING - HTTP 500 for http://ancientsource.daphnet.iliesi.cnr.it/texts/Presocratics/1-B,132.plain.html
2025-08-18 18:10:07,190 - WARNING - HTTP 500 for http://ancientsource.daphnet.iliesi.cnr.it/texts/Presocratics/1-B,133.plain.html
2025-08-18 18:10:09,188 - WARNING - HTTP 500 for http://ancientsource.daphnet.iliesi.cnr.it/texts/Presocratics/1-B,134.plain.html
2025-08-18 18:10:11,187 - WARNING - HTTP 500 for http://ancientsource.daphnet.iliesi.cnr.it/texts/Presocratics/1-B,135.plain.html
2025-08-18 18:10:13,181 - WARNING - HTTP 500 for http://ancientsource.daphnet.iliesi.cnr.it/texts/Presocratics/1-B,136.plain.html
2025-08-18 18:10:15,200 - WARNING - HTTP 500 for http://ancientsource.daphnet.iliesi.cnr.it/texts/Presocratics/1-B,137.plain.html
2025-08-18 18:10:17,182 - WARNING - HTTP 500 for http://ancientsource.daphnet.iliesi.cnr.it/texts/Presocratics/1-B,138.plain.html
2025-08-18 18:10:19,197 - WARNING - HTTP 500 for http://ancientsource.daphnet.iliesi.cnr.it/texts/Presocratics/1-B,139.plain.html
2025-08-18 18:10:21,216 - WARNING - HTTP 500 for http://ancientsource.daphnet.iliesi.cnr.it/texts/Presocratics/1-B,140.plain.html
2025-08-18 18:10:23,211 - WARNING - HTTP 500 for http://ancientsource.daphnet.iliesi.cnr.it/texts/Presocratics/1-B,141.plain.html
2025-08-18 18:10:25,209 - WARNING - HTTP 500 for http://ancientsource.daphnet.iliesi.cnr.it/texts/Presocratics/1-B,142.plain.html
2025-08-18 18:10:27,190 - WARNING - HTTP 500 for http://ancientsource.daphnet.iliesi.cnr.it/texts/Presocratics/1-B,143.plain.html
2025-08-18 18:10:29,202 - WARNING - HTTP 500 for http://ancientsource.daphnet.iliesi.cnr.it/texts/Presocratics/1-B,144.plain.html
2025-08-18 18:10:31,196 - WARNING - HTTP 500 for http://ancientsource.daphnet.iliesi.cnr.it/texts/Presocratics/1-B,145.plain.html
2025-08-18 18:10:33,195 - WARNING - HTTP 500 for http://ancientsource.daphnet.iliesi.cnr.it/texts/Presocratics/1-B,146.plain.html
2025-08-18 18:10:35,207 - WARNING - HTTP 500 for http://ancientsource.daphnet.iliesi.cnr.it/texts/Presocratics/1-B,147.plain.html
2025-08-18 18:10:37,210 - WARNING - HTTP 500 for http://ancientsource.daphnet.iliesi.cnr.it/texts/Presocratics/1-B,148.plain.html
2025-08-18 18:10:39,198 - WARNING - HTTP 500 for http://ancientsource.daphnet.iliesi.cnr.it/texts/Presocratics/1-B,149.plain.html
2025-08-18 18:10:41,205 - WARNING - HTTP 500 for http://ancientsource.daphnet.iliesi.cnr.it/texts/Presocratics/1-B,150.plain.html
2025-08-18 18:10:43,201 - WARNING - HTTP 500 for http://ancientsource.daphnet.iliesi.cnr.it/texts/Presocratics/1-B,151.plain.html
2025-08-18 18:10:45,218 - WARNING - HTTP 500 for http://ancientsource.daphnet.iliesi.cnr.it/texts/Presocratics/1-B,152.plain.html
2025-08-18 18:10:47,202 - WARNING - HTTP 500 for http://ancientsource.daphnet.iliesi.cnr.it/texts/Presocratics/1-B,153.plain.html
2025-08-18 18:10:49,239 - WARNING - HTTP 500 for http://ancientsource.daphnet.iliesi.cnr.it/texts/Presocratics/1-B,154.plain.html
2025-08-18 18:10:51,222 - WARNING - HTTP 500 for http://ancientsource.daphnet.iliesi.cnr.it/texts/Presocratics/1-B,155.plain.html
2025-08-18 18:10:53,215 - WARNING - HTTP 500 for http://ancientsource.daphnet.iliesi.cnr.it/texts/Presocratics/1-B,156.plain.html
2025-08-18 18:10:55,209 - WARNING - HTTP 500 for http://ancientsource.daphnet.iliesi.cnr.it/texts/Presocratics/1-B,157.plain.html
2025-08-18 18:10:57,235 - WARNING - HTTP 500 for http://ancientsource.daphnet.iliesi.cnr.it/texts/Presocratics/1-B,158.plain.html
2025-08-18 18:10:59,215 - WARNING - HTTP 500 for http://ancientsource.daphnet.iliesi.cnr.it/texts/Presocratics/1-B,159.plain.html
2025-08-18 18:11:01,212 - WARNING - HTTP 500 for http://ancientsource.daphnet.iliesi.cnr.it/texts/Presocratics/1-B,160.plain.html
2025-08-18 18:11:03,214 - WARNING - HTTP 500 for http://ancientsource.daphnet.iliesi.cnr.it/texts/Presocratics/1-B,161.plain.html
2025-08-18 18:11:05,236 - WARNING - HTTP 500 for http://ancientsource.daphnet.iliesi.cnr.it/texts/Presocratics/1-B,162.plain.html
2025-08-18 18:11:07,220 - WARNING - HTTP 500 for http://ancientsource.daphnet.iliesi.cnr.it/texts/Presocratics/1-B,163.plain.html
2025-08-18 18:11:09,229 - WARNING - HTTP 500 for http://ancientsource.daphnet.iliesi.cnr.it/texts/Presocratics/1-B,164.plain.html
2025-08-18 18:11:11,216 - WARNING - HTTP 500 for http://ancientsource.daphnet.iliesi.cnr.it/texts/Presocratics/1-B,165.plain.html
2025-08-18 18:11:13,239 - WARNING - HTTP 500 for http://ancientsource.daphnet.iliesi.cnr.it/texts/Presocratics/1-B,166.plain.html
2025-08-18 18:11:15,219 - WARNING - HTTP 500 for http://ancientsource.daphnet.iliesi.cnr.it/texts/Presocratics/1-B,167.plain.html
2025-08-18 18:11:17,225 - WARNING - HTTP 500 for http://ancientsource.daphnet.iliesi.cnr.it/texts/Presocratics/1-B,168.plain.html
2025-08-18 18:11:19,240 - WARNING - HTTP 500 for http://ancientsource.daphnet.iliesi.cnr.it/texts/Presocratics/1-B,169.plain.html
2025-08-18 18:11:21,227 - WARNING - HTTP 500 for http://ancientsource.daphnet.iliesi.cnr.it/texts/Presocratics/1-B,170.plain.html
2025-08-18 18:11:23,225 - WARNING - HTTP 500 for http://ancientsource.daphnet.iliesi.cnr.it/texts/Presocratics/1-B,171.plain.html
2025-08-18 18:11:25,229 - WARNING - HTTP 500 for http://ancientsource.daphnet.iliesi.cnr.it/texts/Presocratics/1-B,172.plain.html
2025-08-18 18:11:27,233 - WARNING - HTTP 500 for http://ancientsource.daphnet.iliesi.cnr.it/texts/Presocratics/1-B,173.plain.html
2025-08-18 18:11:29,259 - WARNING - HTTP 500 for http://ancientsource.daphnet.iliesi.cnr.it/texts/Presocratics/1-B,174.plain.html
2025-08-18 18:11:31,233 - WARNING - HTTP 500 for http://ancientsource.daphnet.iliesi.cnr.it/texts/Presocratics/1-B,175.plain.html
2025-08-18 18:11:33,237 - WARNING - HTTP 500 for http://ancientsource.daphnet.iliesi.cnr.it/texts/Presocratics/1-B,176.plain.html
2025-08-18 18:11:35,235 - WARNING - HTTP 500 for http://ancientsource.daphnet.iliesi.cnr.it/texts/Presocratics/1-B,177.plain.html
2025-08-18 18:11:37,249 - WARNING - HTTP 500 for http://ancientsource.daphnet.iliesi.cnr.it/texts/Presocratics/1-B,178.plain.html
2025-08-18 18:11:39,238 - WARNING - HTTP 500 for http://ancientsource.daphnet.iliesi.cnr.it/texts/Presocratics/1-B,179.plain.html
2025-08-18 18:11:41,241 - WARNING - HTTP 500 for http://ancientsource.daphnet.iliesi.cnr.it/texts/Presocratics/1-B,180.plain.html
2025-08-18 18:11:43,274 - WARNING - HTTP 500 for http://ancientsource.daphnet.iliesi.cnr.it/texts/Presocratics/1-B,181.plain.html
2025-08-18 18:11:45,239 - WARNING - HTTP 500 for http://ancientsource.daphnet.iliesi.cnr.it/texts/Presocratics/1-B,182.plain.html
2025-08-18 18:11:47,237 - WARNING - HTTP 500 for http://ancientsource.daphnet.iliesi.cnr.it/texts/Presocratics/1-B,183.plain.html
2025-08-18 18:11:49,262 - WARNING - HTTP 500 for http://ancientsource.daphnet.iliesi.cnr.it/texts/Presocratics/1-B,184.plain.html
2025-08-18 18:11:51,250 - WARNING - HTTP 500 for http://ancientsource.daphnet.iliesi.cnr.it/texts/Presocratics/1-B,185.plain.html
2025-08-18 18:11:53,243 - WARNING - HTTP 500 for http://ancientsource.daphnet.iliesi.cnr.it/texts/Presocratics/1-B,186.plain.html
2025-08-18 18:11:55,250 - WARNING - HTTP 500 for http://ancientsource.daphnet.iliesi.cnr.it/texts/Presocratics/1-B,187.plain.html
2025-08-18 18:11:57,264 - WARNING - HTTP 500 for http://ancientsource.daphnet.iliesi.cnr.it/texts/Presocratics/1-B,188.plain.html
2025-08-18 18:11:59,252 - WARNING - HTTP 500 for http://ancientsource.daphnet.iliesi.cnr.it/texts/Presocratics/1-B,189.plain.html
2025-08-18 18:12:01,279 - WARNING - HTTP 500 for http://ancientsource.daphnet.iliesi.cnr.it/texts/Presocratics/1-B,190.plain.html
2025-08-18 18:12:03,264 - WARNING - HTTP 500 for http://ancientsource.daphnet.iliesi.cnr.it/texts/Presocratics/1-B,191.plain.html
2025-08-18 18:12:05,265 - WARNING - HTTP 500 for http://ancientsource.daphnet.iliesi.cnr.it/texts/Presocratics/1-B,192.plain.html
2025-08-18 18:12:07,260 - WARNING - HTTP 500 for http://ancientsource.daphnet.iliesi.cnr.it/texts/Presocratics/1-B,193.plain.html
2025-08-18 18:12:09,268 - WARNING - HTTP 500 for http://ancientsource.daphnet.iliesi.cnr.it/texts/Presocratics/1-B,194.plain.html
2025-08-18 18:12:11,263 - WARNING - HTTP 500 for http://ancientsource.daphnet.iliesi.cnr.it/texts/Presocratics/1-B,195.plain.html
2025-08-18 18:12:13,276 - WARNING - HTTP 500 for http://ancientsource.daphnet.iliesi.cnr.it/texts/Presocratics/1-B,196.plain.html
2025-08-18 18:12:15,281 - WARNING - HTTP 500 for http://ancientsource.daphnet.iliesi.cnr.it/texts/Presocratics/1-B,197.plain.html
2025-08-18 18:12:17,258 - WARNING - HTTP 500 for http://ancientsource.daphnet.iliesi.cnr.it/texts/Presocratics/1-B,198.plain.html
2025-08-18 18:12:19,302 - WARNING - HTTP 500 for http://ancientsource.daphnet.iliesi.cnr.it/texts/Presocratics/1-B,199.plain.html
2025-08-18 18:12:21,292 - WARNING - HTTP 500 for http://ancientsource.daphnet.iliesi.cnr.it/texts/Presocratics/1-B,200.plain.html
2025-08-18 18:12:23,375 - WARNING - HTTP 500 for http://ancientsource.daphnet.iliesi.cnr.it/texts/Presocratics/1-C,1.plain.html
2025-08-18 18:12:25,264 - WARNING - HTTP 500 for http://ancientsource.daphnet.iliesi.cnr.it/texts/Presocratics/1-C,2.plain.html
2025-08-18 18:12:27,277 - WARNING - HTTP 500 for http://ancientsource.daphnet.iliesi.cnr.it/texts/Presocratics/1-C,3.plain.html
2025-08-18 18:12:29,275 - WARNING - HTTP 500 for http://ancientsource.daphnet.iliesi.cnr.it/texts/Presocratics/1-C,4.plain.html
2025-08-18 18:12:31,263 - WARNING - HTTP 500 for http://ancientsource.daphnet.iliesi.cnr.it/texts/Presocratics/1-C,5.plain.html
2025-08-18 18:12:33,275 - WARNING - HTTP 500 for http://ancientsource.daphnet.iliesi.cnr.it/texts/Presocratics/1-C,6.plain.html
2025-08-18 18:12:35,272 - WARNING - HTTP 500 for http://ancientsource.daphnet.iliesi.cnr.it/texts/Presocratics/1-C,7.plain.html
2025-08-18 18:12:37,279 - WARNING - HTTP 500 for http://ancientsource.daphnet.iliesi.cnr.it/texts/Presocratics/1-C,8.plain.html
2025-08-18 18:12:39,350 - WARNING - HTTP 500 for http://ancientsource.daphnet.iliesi.cnr.it/texts/Presocratics/1-C,9.plain.html
2025-08-18 18:12:41,281 - WARNING - HTTP 500 for http://ancientsource.daphnet.iliesi.cnr.it/texts/Presocratics/1-C,10.plain.html
2025-08-18 18:12:43,295 - WARNING - HTTP 500 for http://ancientsource.daphnet.iliesi.cnr.it/texts/Presocratics/1-C,11.plain.html
2025-08-18 18:12:45,289 - WARNING - HTTP 500 for http://ancientsource.daphnet.iliesi.cnr.it/texts/Presocratics/1-C,12.plain.html
2025-08-18 18:12:47,284 - WARNING - HTTP 500 for http://ancientsource.daphnet.iliesi.cnr.it/texts/Presocratics/1-C,13.plain.html
2025-08-18 18:12:49,288 - WARNING - HTTP 500 for http://ancientsource.daphnet.iliesi.cnr.it/texts/Presocratics/1-C,14.plain.html
2025-08-18 18:12:51,288 - WARNING - HTTP 500 for http://ancientsource.daphnet.iliesi.cnr.it/texts/Presocratics/1-C,15.plain.html
2025-08-18 18:12:53,300 - WARNING - HTTP 500 for http://ancientsource.daphnet.iliesi.cnr.it/texts/Presocratics/1-C,16.plain.html
2025-08-18 18:12:55,325 - WARNING - HTTP 500 for http://ancientsource.daphnet.iliesi.cnr.it/texts/Presocratics/1-C,17.plain.html
2025-08-18 18:12:57,303 - WARNING - HTTP 500 for http://ancientsource.daphnet.iliesi.cnr.it/texts/Presocratics/1-C,18.plain.html
2025-08-18 18:12:59,293 - WARNING - HTTP 500 for http://ancientsource.daphnet.iliesi.cnr.it/texts/Presocratics/1-C,19.plain.html
2025-08-18 18:13:01,302 - WARNING - HTTP 500 for http://ancientsource.daphnet.iliesi.cnr.it/texts/Presocratics/1-C,20.plain.html
2025-08-18 18:13:03,321 - WARNING - HTTP 500 for http://ancientsource.daphnet.iliesi.cnr.it/texts/Presocratics/1-C,21.plain.html
2025-08-18 18:13:05,301 - WARNING - HTTP 500 for http://ancientsource.daphnet.iliesi.cnr.it/texts/Presocratics/1-C,22.plain.html
2025-08-18 18:13:07,319 - WARNING - HTTP 500 for http://ancientsource.daphnet.iliesi.cnr.it/texts/Presocratics/1-C,23.plain.html
2025-08-18 18:13:09,334 - WARNING - HTTP 500 for http://ancientsource.daphnet.iliesi.cnr.it/texts/Presocratics/1-C,24.plain.html
2025-08-18 18:13:11,328 - WARNING - HTTP 500 for http://ancientsource.daphnet.iliesi.cnr.it/texts/Presocratics/1-C,25.plain.html
2025-08-18 18:13:13,303 - WARNING - HTTP 500 for http://ancientsource.daphnet.iliesi.cnr.it/texts/Presocratics/1-C,26.plain.html
2025-08-18 18:13:15,299 - WARNING - HTTP 500 for http://ancientsource.daphnet.iliesi.cnr.it/texts/Presocratics/1-C,27.plain.html
2025-08-18 18:13:17,339 - WARNING - HTTP 500 for http://ancientsource.daphnet.iliesi.cnr.it/texts/Presocratics/1-C,28.plain.html
2025-08-18 18:13:19,301 - WARNING - HTTP 500 for http://ancientsource.daphnet.iliesi.cnr.it/texts/Presocratics/1-C,29.plain.html
2025-08-18 18:13:21,306 - WARNING - HTTP 500 for http://ancientsource.daphnet.iliesi.cnr.it/texts/Presocratics/1-C,30.plain.html
2025-08-18 18:13:23,322 - WARNING - HTTP 500 for http://ancientsource.daphnet.iliesi.cnr.it/texts/Presocratics/1-C,31.plain.html
2025-08-18 18:13:25,309 - WARNING - HTTP 500 for http://ancientsource.daphnet.iliesi.cnr.it/texts/Presocratics/1-C,32.plain.html
2025-08-18 18:13:27,313 - WARNING - HTTP 500 for http://ancientsource.daphnet.iliesi.cnr.it/texts/Presocratics/1-C,33.plain.html
2025-08-18 18:13:29,313 - WARNING - HTTP 500 for http://ancientsource.daphnet.iliesi.cnr.it/texts/Presocratics/1-C,34.plain.html
2025-08-18 18:13:31,308 - WARNING - HTTP 500 for http://ancientsource.daphnet.iliesi.cnr.it/texts/Presocratics/1-C,35.plain.html
2025-08-18 18:13:33,314 - WARNING - HTTP 500 for http://ancientsource.daphnet.iliesi.cnr.it/texts/Presocratics/1-C,36.plain.html
2025-08-18 18:13:35,313 - WARNING - HTTP 500 for http://ancientsource.daphnet.iliesi.cnr.it/texts/Presocratics/1-C,37.plain.html
2025-08-18 18:13:37,319 - WARNING - HTTP 500 for http://ancientsource.daphnet.iliesi.cnr.it/texts/Presocratics/1-C,38.plain.html
2025-08-18 18:13:39,349 - WARNING - HTTP 500 for http://ancientsource.daphnet.iliesi.cnr.it/texts/Presocratics/1-C,39.plain.html
2025-08-18 18:13:41,335 - WARNING - HTTP 500 for http://ancientsource.daphnet.iliesi.cnr.it/texts/Presocratics/1-C,40.plain.html
2025-08-18 18:13:43,329 - WARNING - HTTP 500 for http://ancientsource.daphnet.iliesi.cnr.it/texts/Presocratics/1-C,41.plain.html
2025-08-18 18:13:45,325 - WARNING - HTTP 500 for http://ancientsource.daphnet.iliesi.cnr.it/texts/Presocratics/1-C,42.plain.html
2025-08-18 18:13:47,320 - WARNING - HTTP 500 for http://ancientsource.daphnet.iliesi.cnr.it/texts/Presocratics/1-C,43.plain.html
2025-08-18 18:13:49,319 - WARNING - HTTP 500 for http://ancientsource.daphnet.iliesi.cnr.it/texts/Presocratics/1-C,44.plain.html
2025-08-18 18:13:51,322 - WARNING - HTTP 500 for http://ancientsource.daphnet.iliesi.cnr.it/texts/Presocratics/1-C,45.plain.html
2025-08-18 18:13:53,372 - WARNING - HTTP 500 for http://ancientsource.daphnet.iliesi.cnr.it/texts/Presocratics/1-C,46.plain.html
2025-08-18 18:13:55,327 - WARNING - HTTP 500 for http://ancientsource.daphnet.iliesi.cnr.it/texts/Presocratics/1-C,47.plain.html
2025-08-18 18:13:57,325 - WARNING - HTTP 500 for http://ancientsource.daphnet.iliesi.cnr.it/texts/Presocratics/1-C,48.plain.html
2025-08-18 18:13:59,323 - WARNING - HTTP 500 for http://ancientsource.daphnet.iliesi.cnr.it/texts/Presocratics/1-C,49.plain.html
2025-08-18 18:14:01,328 - WARNING - HTTP 500 for http://ancientsource.daphnet.iliesi.cnr.it/texts/Presocratics/1-C,50.plain.html
2025-08-18 18:14:03,329 - WARNING - HTTP 500 for http://ancientsource.daphnet.iliesi.cnr.it/texts/Presocratics/1-C,51.plain.html
2025-08-18 18:14:05,335 - WARNING - HTTP 500 for http://ancientsource.daphnet.iliesi.cnr.it/texts/Presocratics/1-C,52.plain.html
2025-08-18 18:14:07,332 - WARNING - HTTP 500 for http://ancientsource.daphnet.iliesi.cnr.it/texts/Presocratics/1-C,53.plain.html
2025-08-18 18:14:09,330 - WARNING - HTTP 500 for http://ancientsource.daphnet.iliesi.cnr.it/texts/Presocratics/1-C,54.plain.html
2025-08-18 18:14:11,332 - WARNING - HTTP 500 for http://ancientsource.daphnet.iliesi.cnr.it/texts/Presocratics/1-C,55.plain.html
2025-08-18 18:14:13,340 - WARNING - HTTP 500 for http://ancientsource.daphnet.iliesi.cnr.it/texts/Presocratics/1-C,56.plain.html
2025-08-18 18:14:15,345 - WARNING - HTTP 500 for http://ancientsource.daphnet.iliesi.cnr.it/texts/Presocratics/1-C,57.plain.html
2025-08-18 18:14:17,341 - WARNING - HTTP 500 for http://ancientsource.daphnet.iliesi.cnr.it/texts/Presocratics/1-C,58.plain.html
2025-08-18 18:14:19,342 - WARNING - HTTP 500 for http://ancientsource.daphnet.iliesi.cnr.it/texts/Presocratics/1-C,59.plain.html
2025-08-18 18:14:21,342 - WARNING - HTTP 500 for http://ancientsource.daphnet.iliesi.cnr.it/texts/Presocratics/1-C,60.plain.html
2025-08-18 18:14:23,348 - WARNING - HTTP 500 for http://ancientsource.daphnet.iliesi.cnr.it/texts/Presocratics/1-C,61.plain.html
2025-08-18 18:14:25,346 - WARNING - HTTP 500 for http://ancientsource.daphnet.iliesi.cnr.it/texts/Presocratics/1-C,62.plain.html
2025-08-18 18:14:27,347 - WARNING - HTTP 500 for http://ancientsource.daphnet.iliesi.cnr.it/texts/Presocratics/1-C,63.plain.html
2025-08-18 18:14:29,349 - WARNING - HTTP 500 for http://ancientsource.daphnet.iliesi.cnr.it/texts/Presocratics/1-C,64.plain.html
2025-08-18 18:14:31,346 - WARNING - HTTP 500 for http://ancientsource.daphnet.iliesi.cnr.it/texts/Presocratics/1-C,65.plain.html
2025-08-18 18:14:33,352 - WARNING - HTTP 500 for http://ancientsource.daphnet.iliesi.cnr.it/texts/Presocratics/1-C,66.plain.html
2025-08-18 18:14:35,347 - WARNING - HTTP 500 for http://ancientsource.daphnet.iliesi.cnr.it/texts/Presocratics/1-C,67.plain.html
2025-08-18 18:14:37,353 - WARNING - HTTP 500 for http://ancientsource.daphnet.iliesi.cnr.it/texts/Presocratics/1-C,68.plain.html
2025-08-18 18:14:39,348 - WARNING - HTTP 500 for http://ancientsource.daphnet.iliesi.cnr.it/texts/Presocratics/1-C,69.plain.html
2025-08-18 18:14:41,352 - WARNING - HTTP 500 for http://ancientsource.daphnet.iliesi.cnr.it/texts/Presocratics/1-C,70.plain.html
2025-08-18 18:14:43,355 - WARNING - HTTP 500 for http://ancientsource.daphnet.iliesi.cnr.it/texts/Presocratics/1-C,71.plain.html
2025-08-18 18:14:45,362 - WARNING - HTTP 500 for http://ancientsource.daphnet.iliesi.cnr.it/texts/Presocratics/1-C,72.plain.html
2025-08-18 18:14:47,354 - WARNING - HTTP 500 for http://ancientsource.daphnet.iliesi.cnr.it/texts/Presocratics/1-C,73.plain.html
2025-08-18 18:14:49,359 - WARNING - HTTP 500 for http://ancientsource.daphnet.iliesi.cnr.it/texts/Presocratics/1-C,74.plain.html
2025-08-18 18:14:51,356 - WARNING - HTTP 500 for http://ancientsource.daphnet.iliesi.cnr.it/texts/Presocratics/1-C,75.plain.html
2025-08-18 18:14:53,364 - WARNING - HTTP 500 for http://ancientsource.daphnet.iliesi.cnr.it/texts/Presocratics/1-C,76.plain.html
2025-08-18 18:14:55,369 - WARNING - HTTP 500 for http://ancientsource.daphnet.iliesi.cnr.it/texts/Presocratics/1-C,77.plain.html
2025-08-18 18:14:57,365 - WARNING - HTTP 500 for http://ancientsource.daphnet.iliesi.cnr.it/texts/Presocratics/1-C,78.plain.html
2025-08-18 18:14:59,361 - WARNING - HTTP 500 for http://ancientsource.daphnet.iliesi.cnr.it/texts/Presocratics/1-C,79.plain.html
2025-08-18 18:15:01,403 - WARNING - HTTP 500 for http://ancientsource.daphnet.iliesi.cnr.it/texts/Presocratics/1-C,80.plain.html
2025-08-18 18:15:03,362 - WARNING - HTTP 500 for http://ancientsource.daphnet.iliesi.cnr.it/texts/Presocratics/1-C,81.plain.html
2025-08-18 18:15:05,370 - WARNING - HTTP 500 for http://ancientsource.daphnet.iliesi.cnr.it/texts/Presocratics/1-C,82.plain.html
2025-08-18 18:15:07,365 - WARNING - HTTP 500 for http://ancientsource.daphnet.iliesi.cnr.it/texts/Presocratics/1-C,83.plain.html
2025-08-18 18:15:09,365 - WARNING - HTTP 500 for http://ancientsource.daphnet.iliesi.cnr.it/texts/Presocratics/1-C,84.plain.html
2025-08-18 18:15:11,369 - WARNING - HTTP 500 for http://ancientsource.daphnet.iliesi.cnr.it/texts/Presocratics/1-C,85.plain.html
2025-08-18 18:15:13,372 - WARNING - HTTP 500 for http://ancientsource.daphnet.iliesi.cnr.it/texts/Presocratics/1-C,86.plain.html
2025-08-18 18:15:15,371 - WARNING - HTTP 500 for http://ancientsource.daphnet.iliesi.cnr.it/texts/Presocratics/1-C,87.plain.html
2025-08-18 18:15:17,372 - WARNING - HTTP 500 for http://ancientsource.daphnet.iliesi.cnr.it/texts/Presocratics/1-C,88.plain.html
2025-08-18 18:15:19,479 - WARNING - HTTP 500 for http://ancientsource.daphnet.iliesi.cnr.it/texts/Presocratics/1-C,89.plain.html
2025-08-18 18:15:21,428 - WARNING - HTTP 500 for http://ancientsource.daphnet.iliesi.cnr.it/texts/Presocratics/1-C,90.plain.html
2025-08-18 18:15:23,438 - WARNING - HTTP 500 for http://ancientsource.daphnet.iliesi.cnr.it/texts/Presocratics/1-C,91.plain.html
2025-08-18 18:15:25,472 - WARNING - HTTP 500 for http://ancientsource.daphnet.iliesi.cnr.it/texts/Presocratics/1-C,92.plain.html
2025-08-18 18:15:27,434 - WARNING - HTTP 500 for http://ancientsource.daphnet.iliesi.cnr.it/texts/Presocratics/1-C,93.plain.html
2025-08-18 18:15:29,516 - WARNING - HTTP 500 for http://ancientsource.daphnet.iliesi.cnr.it/texts/Presocratics/1-C,94.plain.html
2025-08-18 18:15:31,484 - WARNING - HTTP 500 for http://ancientsource.daphnet.iliesi.cnr.it/texts/Presocratics/1-C,95.plain.html
2025-08-18 18:15:33,435 - WARNING - HTTP 500 for http://ancientsource.daphnet.iliesi.cnr.it/texts/Presocratics/1-C,96.plain.html
2025-08-18 18:15:35,437 - WARNING - HTTP 500 for http://ancientsource.daphnet.iliesi.cnr.it/texts/Presocratics/1-C,97.plain.html
2025-08-18 18:15:37,437 - WARNING - HTTP 500 for http://ancientsource.daphnet.iliesi.cnr.it/texts/Presocratics/1-C,98.plain.html
2025-08-18 18:15:39,446 - WARNING - HTTP 500 for http://ancientsource.daphnet.iliesi.cnr.it/texts/Presocratics/1-C,99.plain.html
2025-08-18 18:15:41,445 - WARNING - HTTP 500 for http://ancientsource.daphnet.iliesi.cnr.it/texts/Presocratics/1-C,100.plain.html
2025-08-18 18:15:43,505 - WARNING - HTTP 500 for http://ancientsource.daphnet.iliesi.cnr.it/texts/Presocratics/1-C,101.plain.html
2025-08-18 18:15:45,478 - WARNING - HTTP 500 for http://ancientsource.daphnet.iliesi.cnr.it/texts/Presocratics/1-C,102.plain.html
2025-08-18 18:15:47,495 - WARNING - HTTP 500 for http://ancientsource.daphnet.iliesi.cnr.it/texts/Presocratics/1-C,103.plain.html
2025-08-18 18:15:49,483 - WARNING - HTTP 500 for http://ancientsource.daphnet.iliesi.cnr.it/texts/Presocratics/1-C,104.plain.html
2025-08-18 18:15:51,495 - WARNING - HTTP 500 for http://ancientsource.daphnet.iliesi.cnr.it/texts/Presocratics/1-C,105.plain.html
2025-08-18 18:15:53,451 - WARNING - HTTP 500 for http://ancientsource.daphnet.iliesi.cnr.it/texts/Presocratics/1-C,106.plain.html
2025-08-18 18:15:55,452 - WARNING - HTTP 500 for http://ancientsource.daphnet.iliesi.cnr.it/texts/Presocratics/1-C,107.plain.html
2025-08-18 18:15:57,453 - WARNING - HTTP 500 for http://ancientsource.daphnet.iliesi.cnr.it/texts/Presocratics/1-C,108.plain.html
2025-08-18 18:15:59,463 - WARNING - HTTP 500 for http://ancientsource.daphnet.iliesi.cnr.it/texts/Presocratics/1-C,109.plain.html
2025-08-18 18:16:01,450 - WARNING - HTTP 500 for http://ancientsource.daphnet.iliesi.cnr.it/texts/Presocratics/1-C,110.plain.html
2025-08-18 18:16:03,527 - WARNING - HTTP 500 for http://ancientsource.daphnet.iliesi.cnr.it/texts/Presocratics/1-C,111.plain.html
2025-08-18 18:16:05,453 - WARNING - HTTP 500 for http://ancientsource.daphnet.iliesi.cnr.it/texts/Presocratics/1-C,112.plain.html
2025-08-18 18:16:07,460 - WARNING - HTTP 500 for http://ancientsource.daphnet.iliesi.cnr.it/texts/Presocratics/1-C,113.plain.html
2025-08-18 18:16:09,464 - WARNING - HTTP 500 for http://ancientsource.daphnet.iliesi.cnr.it/texts/Presocratics/1-C,114.plain.html
2025-08-18 18:16:11,471 - WARNING - HTTP 500 for http://ancientsource.daphnet.iliesi.cnr.it/texts/Presocratics/1-C,115.plain.html
2025-08-18 18:16:13,489 - WARNING - HTTP 500 for http://ancientsource.daphnet.iliesi.cnr.it/texts/Presocratics/1-C,116.plain.html
2025-08-18 18:16:15,494 - WARNING - HTTP 500 for http://ancientsource.daphnet.iliesi.cnr.it/texts/Presocratics/1-C,117.plain.html
2025-08-18 18:16:17,460 - WARNING - HTTP 500 for http://ancientsource.daphnet.iliesi.cnr.it/texts/Presocratics/1-C,118.plain.html
2025-08-18 18:16:19,464 - WARNING - HTTP 500 for http://ancientsource.daphnet.iliesi.cnr.it/texts/Presocratics/1-C,119.plain.html
2025-08-18 18:16:21,458 - WARNING - HTTP 500 for http://ancientsource.daphnet.iliesi.cnr.it/texts/Presocratics/1-C,120.plain.html
2025-08-18 18:16:23,465 - WARNING - HTTP 500 for http://ancientsource.daphnet.iliesi.cnr.it/texts/Presocratics/1-C,121.plain.html
2025-08-18 18:16:25,460 - WARNING - HTTP 500 for http://ancientsource.daphnet.iliesi.cnr.it/texts/Presocratics/1-C,122.plain.html
2025-08-18 18:16:27,466 - WARNING - HTTP 500 for http://ancientsource.daphnet.iliesi.cnr.it/texts/Presocratics/1-C,123.plain.html
2025-08-18 18:16:29,464 - WARNING - HTTP 500 for http://ancientsource.daphnet.iliesi.cnr.it/texts/Presocratics/1-C,124.plain.html
2025-08-18 18:16:31,520 - WARNING - HTTP 500 for http://ancientsource.daphnet.iliesi.cnr.it/texts/Presocratics/1-C,125.plain.html
